<?xml version="1.0" encoding="UTF-8"?>
<testng-results ignored="2" total="3" passed="1" failed="0" skipped="0">
  <reporter-output>
  </reporter-output>
  <suite started-at="2019-04-28T21:56:22Z" name="Suite1" finished-at="2019-04-28T21:56:34Z" duration-ms="11994">
    <groups>
    </groups>
    <test started-at="2019-04-28T21:56:22Z" name="Test1" finished-at="2019-04-28T21:56:34Z" duration-ms="11994">
      <class name="Test.TestNG_Demo">
        <test-method is-config="true" signature="setUpTest()[pri:0, instance:Test.TestNG_Demo@33c911a1]" started-at="2019-04-28T21:56:22Z" name="setUpTest" finished-at="2019-04-28T21:56:26Z" duration-ms="3405" status="PASS">
          <reporter-output>
          </reporter-output>
        </test-method> <!-- setUpTest -->
        <test-method is-config="true" signature="setUpTest()[pri:0, instance:Test.TestNG_Demo2@75db5df9]" started-at="2019-04-28T21:56:26Z" name="setUpTest" finished-at="2019-04-28T21:56:28Z" duration-ms="2551" status="PASS">
          <reporter-output>
          </reporter-output>
        </test-method> <!-- setUpTest -->
        <test-method signature="googleSearch()[pri:0, instance:Test.TestNG_Demo@33c911a1]" started-at="2019-04-28T21:56:28Z" name="googleSearch" finished-at="2019-04-28T21:56:32Z" duration-ms="3330" status="PASS">
          <reporter-output>
          </reporter-output>
        </test-method> <!-- googleSearch -->
        <test-method is-config="true" signature="tearDownTest()[pri:0, instance:Test.TestNG_Demo@33c911a1]" started-at="2019-04-28T21:56:32Z" name="tearDownTest" finished-at="2019-04-28T21:56:34Z" duration-ms="2324" status="PASS">
          <reporter-output>
          </reporter-output>
        </test-method> <!-- tearDownTest -->
        <test-method is-config="true" signature="tearDownTest()[pri:0, instance:Test.TestNG_Demo2@75db5df9]" started-at="2019-04-28T21:56:34Z" name="tearDownTest" finished-at="2019-04-28T21:56:34Z" duration-ms="354" status="PASS">
          <reporter-output>
          </reporter-output>
        </test-method> <!-- tearDownTest -->
      </class> <!-- Test.TestNG_Demo -->
    </test> <!-- Test1 -->
  </suite> <!-- Suite1 -->
</testng-results>
