<?xml version="1.0" encoding="UTF-8"?>
<!-- Generated by org.testng.reporters.JUnitXMLReporter -->
<testsuite ignored="2" hostname="DESKTOP-6RVAL7M" failures="0" tests="1" name="Test1" time="11.994" errors="0" timestamp="28 Apr 2019 21:56:34 GMT">
  <testcase classname="Test.TestNG_Demo" name="googleSearch" time="3.33"/>
  <testcase classname="Test.TestNG_Demo2" name="googleSearch2" time="0.0">
    <ignored/>
  </testcase> <!-- googleSearch2 -->
  <testcase classname="Test.TestNG_Demo2" name="googleSearch3" time="0.0">
    <ignored/>
  </testcase> <!-- googleSearch3 -->
</testsuite> <!-- Test1 -->
